<?xml version="1.0" encoding="UTF-8"?>
<!-- Generated by org.testng.reporters.JUnitReportReporter -->
<testsuite hostname="Mohammad" failures="0" tests="1" name="wrapper.DeleteLead1" time="18.060" errors="0" timestamp="2022-10-21T15:54:30 EDT" skipped="0">
  <testcase classname="wrapper.DeleteLead1" name="deleteLead1" time="18.060"/>
</testsuite> <!-- wrapper.DeleteLead1 -->
