<?xml version="1.0" encoding="UTF-8"?>
<!-- Generated by org.testng.reporters.JUnitReportReporter -->
<testsuite hostname="Mohammad" failures="0" tests="1" name="wrapper.EditLead1" time="17.302" errors="0" timestamp="2022-10-21T15:54:30 EDT" skipped="0">
  <testcase classname="wrapper.EditLead1" name="editLead1" time="17.302"/>
</testsuite> <!-- wrapper.EditLead1 -->
