<?xml version="1.0" encoding="UTF-8"?>
<!-- Generated by org.testng.reporters.JUnitReportReporter -->
<testsuite hostname="Mohammad" failures="0" tests="1" name="testNGTestCases.EditLead" time="14.128" errors="0" timestamp="2022-10-20T12:00:17 EDT" skipped="0">
  <testcase classname="testNGTestCases.EditLead" name="editLead" time="14.128"/>
</testsuite> <!-- testNGTestCases.EditLead -->
