<?xml version="1.0" encoding="UTF-8"?>
<!-- Generated by org.testng.reporters.JUnitReportReporter -->
<testsuite hostname="Mohammad" failures="0" tests="1" name="startingPointOfframework26.TC001_CreateLead" time="28.728" errors="0" timestamp="2022-11-16T22:20:13 EST" skipped="0">
  <testcase classname="startingPointOfframework26.TC001_CreateLead" name="createLead" time="28.728"/>
</testsuite> <!-- startingPointOfframework26.TC001_CreateLead -->
