<?xml version="1.0" encoding="UTF-8"?>
<!-- Generated by org.testng.reporters.JUnitReportReporter -->
<testsuite hostname="Mohammad" failures="0" tests="1" name="testNgDemo.CreateLead" time="89.829" errors="0" timestamp="2022-10-19T10:49:18 EDT" skipped="0">
  <testcase classname="testNgDemo.CreateLead" name="createLead" time="89.829"/>
</testsuite> <!-- testNgDemo.CreateLead -->
