<?xml version="1.0" encoding="UTF-8"?>
<!-- Generated by org.testng.reporters.JUnitReportReporter -->
<testsuite hostname="Mohammad" failures="0" tests="3" name="testNgDemo.AnnotationOrder1" time="0.009" errors="0" timestamp="2022-10-20T12:26:56 EDT" skipped="0">
  <testcase classname="testNgDemo.AnnotationOrder1" name="test2" time="0.005"/>
  <testcase classname="testNgDemo.AnnotationOrder1" name="test3" time="0.001"/>
  <testcase classname="testNgDemo.AnnotationOrder1" name="test1" time="0.003"/>
</testsuite> <!-- testNgDemo.AnnotationOrder1 -->
