<?xml version="1.0" encoding="UTF-8"?>
<!-- Generated by org.testng.reporters.JUnitReportReporter -->
<testsuite hostname="Mohammad" failures="0" tests="1" name="testNGTestCases.DeleteLead" time="13.683" errors="0" timestamp="2022-10-20T12:00:17 EDT" skipped="0">
  <testcase classname="testNGTestCases.DeleteLead" name="deleteLead" time="13.683"/>
</testsuite> <!-- testNGTestCases.DeleteLead -->
