<?xml version="1.0" encoding="UTF-8"?>
<!-- Generated by org.testng.reporters.JUnitReportReporter -->
<testsuite hostname="Mohammad" failures="0" tests="1" name="testNGTestCases.CreateLead" time="38.413" errors="0" timestamp="2022-10-20T12:00:17 EDT" skipped="0">
  <testcase classname="testNGTestCases.CreateLead" name="createLead" time="38.413"/>
</testsuite> <!-- testNGTestCases.CreateLead -->
