<?xml version="1.0" encoding="UTF-8"?>
<!-- Generated by org.testng.reporters.JUnitReportReporter -->
<testsuite hostname="Mohammad" failures="0" tests="1" name="crossBrowser.MultiBrowser" time="8.110" errors="0" timestamp="2022-10-23T13:42:38 EDT" skipped="0">
  <testcase classname="crossBrowser.MultiBrowser" name="multiBrowser" time="8.110"/>
</testsuite> <!-- crossBrowser.MultiBrowser -->
