<?xml version="1.0" encoding="UTF-8"?>
<!-- Generated by org.testng.reporters.JUnitReportReporter -->
<testsuite hostname="Mohammad" failures="0" tests="6" name="learnTestNGDataProvider.DataProvider_CreateLead" time="123.224" errors="0" timestamp="2022-11-06T15:24:32 EST" skipped="0">
  <testcase classname="learnTestNGDataProvider.DataProvider_CreateLead" name="createLead" time="20.386"/>
  <testcase classname="learnTestNGDataProvider.DataProvider_CreateLead" name="createLead" time="21.199"/>
  <testcase classname="learnTestNGDataProvider.DataProvider_CreateLead" name="createLead" time="20.021"/>
  <testcase classname="learnTestNGDataProvider.DataProvider_CreateLead" name="createLead" time="19.979"/>
  <testcase classname="learnTestNGDataProvider.DataProvider_CreateLead" name="createLead" time="21.607"/>
  <testcase classname="learnTestNGDataProvider.DataProvider_CreateLead" name="createLead" time="20.032"/>
</testsuite> <!-- learnTestNGDataProvider.DataProvider_CreateLead -->
