<?xml version="1.0" encoding="UTF-8"?>
<!-- Generated by org.testng.reporters.JUnitReportReporter -->
<testsuite hostname="Mohammad" failures="0" tests="1" name="snapShot_Screenshot22.SCreenShot" time="23.189" errors="0" timestamp="2022-11-03T21:57:26 EDT" skipped="0">
  <testcase classname="snapShot_Screenshot22.SCreenShot" name="createLead" time="23.189"/>
</testsuite> <!-- snapShot_Screenshot22.SCreenShot -->
