<?xml version="1.0" encoding="UTF-8"?>
<!-- Generated by org.testng.reporters.JUnitReportReporter -->
<testsuite hostname="Mohammad" failures="0" tests="4" name="testNgDemo.AnnotationOrder3" time="89.041" errors="0" timestamp="2022-10-20T12:26:56 EDT" skipped="0">
  <testcase classname="testNgDemo.AnnotationOrder3" name="createLead" time="36.274"/>
  <testcase classname="testNgDemo.AnnotationOrder3" name="mergeLead" time="25.784"/>
  <testcase classname="testNgDemo.AnnotationOrder3" name="editLead" time="13.337"/>
  <testcase classname="testNgDemo.AnnotationOrder3" name="deleteLead" time="13.646"/>
</testsuite> <!-- testNgDemo.AnnotationOrder3 -->
