<?xml version="1.0" encoding="UTF-8"?>
<!-- Generated by org.testng.reporters.JUnitReportReporter -->
<testsuite hostname="Mohammad" failures="0" tests="1" name="testNGTestCases18_2.CreateLead" time="25.087" errors="0" timestamp="2022-11-03T19:11:25 EDT" skipped="0">
  <testcase classname="testNGTestCases18_2.CreateLead" name="createLead" time="25.087"/>
</testsuite> <!-- testNGTestCases18_2.CreateLead -->
